<?xml version="1.0" encoding="UTF-8"?>
<!-- Generated by org.testng.reporters.JUnitReportReporter -->
<testsuite skipped="0" hostname="LAPTOP-I4J9J8I4" name="com.crm.qa.testcases.HomePageTest" tests="3" failures="0" timestamp="25 May 2020 15:06:30 GMT" time="56.766" errors="0">
  <testcase name="verifyHomepageTitleTest" time="18.344" classname="com.crm.qa.testcases.HomePageTest"/>
  <testcase name="verifyUserNameTest" time="19.932" classname="com.crm.qa.testcases.HomePageTest"/>
  <testcase name="verifyContactsLinkTest" time="18.490" classname="com.crm.qa.testcases.HomePageTest"/>
</testsuite> <!-- com.crm.qa.testcases.HomePageTest -->
