<?xml version="1.0" encoding="UTF-8"?>
<!-- Generated by org.testng.reporters.JUnitReportReporter -->
<testsuite skipped="0" hostname="LAPTOP-I4J9J8I4" name="com.crm.qa.testcases.ContactsPageTest" tests="4" failures="0" timestamp="25 May 2020 15:11:43 GMT" time="90.011" errors="0">
  <testcase name="verifyContactsPageLabelTest" time="20.876" classname="com.crm.qa.testcases.ContactsPageTest"/>
  <testcase name="selectSingleContactsTest" time="22.437" classname="com.crm.qa.testcases.ContactsPageTest"/>
  <testcase name="selectMultipleContactsLabel" time="22.946" classname="com.crm.qa.testcases.ContactsPageTest"/>
  <testcase name="validateNewContactTest" time="23.752" classname="com.crm.qa.testcases.ContactsPageTest"/>
</testsuite> <!-- com.crm.qa.testcases.ContactsPageTest -->
