<?xml version="1.0" encoding="UTF-8"?>
<!-- Generated by org.testng.reporters.JUnitReportReporter -->
<testsuite skipped="0" hostname="LAPTOP-I4J9J8I4" name="com.crm.qa.testcases.HomePageTest" tests="3" failures="0" timestamp="26 May 2020 06:05:54 GMT" time="52.827" errors="0">
  <testcase name="verifyHomepageTitleTest" time="16.266" classname="com.crm.qa.testcases.HomePageTest"/>
  <testcase name="verifyUserNameTest" time="18.993" classname="com.crm.qa.testcases.HomePageTest"/>
  <testcase name="verifyContactsLinkTest" time="17.568" classname="com.crm.qa.testcases.HomePageTest"/>
</testsuite> <!-- com.crm.qa.testcases.HomePageTest -->
