<?xml version="1.0" encoding="UTF-8"?>
<!-- Generated by org.testng.reporters.JUnitReportReporter -->
<testsuite skipped="0" hostname="LAPTOP-I4J9J8I4" name="com.crm.qa.testcases.LoginPageTest" tests="3" failures="0" timestamp="26 May 2020 06:05:54 GMT" time="40.682" errors="0">
  <testcase name="loginpageTitleTest" time="12.291" classname="com.crm.qa.testcases.LoginPageTest"/>
  <testcase name="crmLogoImgTest" time="12.040" classname="com.crm.qa.testcases.LoginPageTest"/>
  <testcase name="loginTest" time="16.351" classname="com.crm.qa.testcases.LoginPageTest"/>
</testsuite> <!-- com.crm.qa.testcases.LoginPageTest -->
