<?xml version="1.0" encoding="UTF-8"?>
<!-- Generated by org.testng.reporters.JUnitReportReporter -->
<testsuite skipped="0" hostname="LAPTOP-I4J9J8I4" name="com.crm.qa.testcases.ContactsPageTest" tests="4" failures="0" timestamp="26 May 2020 06:05:54 GMT" time="86.098" errors="0">
  <testcase name="verifyContactsPageLabelTest" time="18.087" classname="com.crm.qa.testcases.ContactsPageTest"/>
  <testcase name="selectSingleContactsTest" time="22.108" classname="com.crm.qa.testcases.ContactsPageTest"/>
  <testcase name="selectMultipleContactsLabel" time="22.835" classname="com.crm.qa.testcases.ContactsPageTest"/>
  <testcase name="validateNewContactTest" time="23.068" classname="com.crm.qa.testcases.ContactsPageTest"/>
</testsuite> <!-- com.crm.qa.testcases.ContactsPageTest -->
